<?xml version="1.0" encoding="UTF-8"?>
<testsuite xmlns:xsi="http://www.w3.org/2001/XMLSchema-instance" xsi:noNamespaceSchemaLocation="https://maven.apache.org/surefire/maven-surefire-plugin/xsd/surefire-test-report-3.0.xsd" version="3.0" name="com.visualpathit.account.controllerTest.UserControllerTest" time="2.733" tests="6" errors="0" skipped="0" failures="0">
  <properties>
[...]
</properties>
  <testcase name="registrationTestforHappyFlow" classname="com.visualpathit.account.controllerTest.UserControllerTest" time="2.446">
    <system-out><![CDATA[11:51:43.093 [main] INFO  o.s.t.w.s.s.StandaloneMockMvcBuilder$StaticRequestMappingHandlerMapping#532 Mapped "{[/login],methods=[GET]}" onto public final java.lang.String com.visualpathit.account.controller.UserController.login(org.springframework.ui.Model,java.lang.String,java.lang.String)
11:51:43.108 [main] INFO  o.s.t.w.s.s.StandaloneMockMvcBuilder$StaticRequestMappingHandlerMapping#532 Mapped "{[/ || /welcome],methods=[GET]}" onto public final java.lang.String com.visualpathit.account.controller.UserController.welcome(org.springframework.ui.Model)
11:51:43.109 [main] INFO  o.s.t.w.s.s.StandaloneMockMvcBuilder$StaticRequestMappingHandlerMapping#532 Mapped "{[/registration],methods=[GET]}" onto public final java.lang.String com.visualpathit.account.controller.UserController.registration(org.springframework.ui.Model)
11:51:43.110 [main] INFO  o.s.t.w.s.s.StandaloneMockMvcBuilder$StaticRequestMappingHandlerMapping#532 Mapped "{[/registration],methods=[POST]}" onto public final java.lang.String com.visualpathit.account.controller.UserController.registration(com.visualpathit.account.model.User,org.springframework.validation.BindingResult,org.springframework.ui.Model)
11:51:43.111 [main] INFO  o.s.t.w.s.s.StandaloneMockMvcBuilder$StaticRequestMappingHandlerMapping#532 Mapped "{[/users/{id}],methods=[GET]}" onto public java.lang.String com.visualpathit.account.controller.UserController.getOneUser(java.lang.String,org.springframework.ui.Model)
11:51:43.112 [main] INFO  o.s.t.w.s.s.StandaloneMockMvcBuilder$StaticRequestMappingHandlerMapping#532 Mapped "{[/user/{username}],methods=[GET]}" onto public final java.lang.String com.visualpathit.account.controller.UserController.userUpdate(java.lang.String,org.springframework.ui.Model)
11:51:43.113 [main] INFO  o.s.t.w.s.s.StandaloneMockMvcBuilder$StaticRequestMappingHandlerMapping#532 Mapped "{[/user/{username}],methods=[POST]}" onto public final java.lang.String com.visualpathit.account.controller.UserController.userUpdateProfile(java.lang.String,com.visualpathit.account.model.User,org.springframework.ui.Model)
11:51:43.113 [main] INFO  o.s.t.w.s.s.StandaloneMockMvcBuilder$StaticRequestMappingHandlerMapping#532 Mapped "{[/user/rabbit],methods=[GET]}" onto public java.lang.String com.visualpathit.account.controller.UserController.rabbitmqSetUp()
11:51:43.114 [main] INFO  o.s.t.w.s.s.StandaloneMockMvcBuilder$StaticRequestMappingHandlerMapping#532 Mapped "{[/index],methods=[GET]}" onto public final java.lang.String com.visualpathit.account.controller.UserController.indexHome(org.springframework.ui.Model)
11:51:43.116 [main] INFO  o.s.t.w.s.s.StandaloneMockMvcBuilder$StaticRequestMappingHandlerMapping#532 Mapped "{[/users],methods=[GET]}" onto public java.lang.String com.visualpathit.account.controller.UserController.getAllUsers(org.springframework.ui.Model)
11:51:44.088 [main] INFO  o.s.w.s.m.m.a.RequestMappingHandlerAdapter#532 Looking for @ControllerAdvice: org.springframework.test.web.servlet.setup.StubWebApplicationContext@73f6e07
11:51:44.237 [main] INFO  o.s.m.w.MockServletContext#390 Initializing Spring FrameworkServlet ''
11:51:44.237 [main] INFO  o.s.t.w.s.TestDispatcherServlet#488 FrameworkServlet '': initialization started
11:51:44.241 [main] INFO  o.s.t.w.s.TestDispatcherServlet#507 FrameworkServlet '': initialization completed in 3 ms
]]></system-out>
    <system-err><![CDATA[ERROR StatusLogger Log4j2 could not find a logging implementation. Please add log4j-core to the classpath. Using SimpleLogger to log to the console...
]]></system-err>
  </testcase>
  <testcase name="welcomeTestHappyFlow" classname="com.visualpathit.account.controllerTest.UserControllerTest" time="0.045">
    <system-out><![CDATA[11:51:44.363 [main] INFO  o.s.t.w.s.s.StandaloneMockMvcBuilder$StaticRequestMappingHandlerMapping#532 Mapped "{[/login],methods=[GET]}" onto public final java.lang.String com.visualpathit.account.controller.UserController.login(org.springframework.ui.Model,java.lang.String,java.lang.String)
11:51:44.364 [main] INFO  o.s.t.w.s.s.StandaloneMockMvcBuilder$StaticRequestMappingHandlerMapping#532 Mapped "{[/ || /welcome],methods=[GET]}" onto public final java.lang.String com.visualpathit.account.controller.UserController.welcome(org.springframework.ui.Model)
11:51:44.364 [main] INFO  o.s.t.w.s.s.StandaloneMockMvcBuilder$StaticRequestMappingHandlerMapping#532 Mapped "{[/registration],methods=[GET]}" onto public final java.lang.String com.visualpathit.account.controller.UserController.registration(org.springframework.ui.Model)
11:51:44.365 [main] INFO  o.s.t.w.s.s.StandaloneMockMvcBuilder$StaticRequestMappingHandlerMapping#532 Mapped "{[/registration],methods=[POST]}" onto public final java.lang.String com.visualpathit.account.controller.UserController.registration(com.visualpathit.account.model.User,org.springframework.validation.BindingResult,org.springframework.ui.Model)
11:51:44.365 [main] INFO  o.s.t.w.s.s.StandaloneMockMvcBuilder$StaticRequestMappingHandlerMapping#532 Mapped "{[/users/{id}],methods=[GET]}" onto public java.lang.String com.visualpathit.account.controller.UserController.getOneUser(java.lang.String,org.springframework.ui.Model)
11:51:44.365 [main] INFO  o.s.t.w.s.s.StandaloneMockMvcBuilder$StaticRequestMappingHandlerMapping#532 Mapped "{[/user/{username}],methods=[GET]}" onto public final java.lang.String com.visualpathit.account.controller.UserController.userUpdate(java.lang.String,org.springframework.ui.Model)
11:51:44.366 [main] INFO  o.s.t.w.s.s.StandaloneMockMvcBuilder$StaticRequestMappingHandlerMapping#532 Mapped "{[/user/{username}],methods=[POST]}" onto public final java.lang.String com.visualpathit.account.controller.UserController.userUpdateProfile(java.lang.String,com.visualpathit.account.model.User,org.springframework.ui.Model)
11:51:44.366 [main] INFO  o.s.t.w.s.s.StandaloneMockMvcBuilder$StaticRequestMappingHandlerMapping#532 Mapped "{[/user/rabbit],methods=[GET]}" onto public java.lang.String com.visualpathit.account.controller.UserController.rabbitmqSetUp()
11:51:44.366 [main] INFO  o.s.t.w.s.s.StandaloneMockMvcBuilder$StaticRequestMappingHandlerMapping#532 Mapped "{[/index],methods=[GET]}" onto public final java.lang.String com.visualpathit.account.controller.UserController.indexHome(org.springframework.ui.Model)
11:51:44.367 [main] INFO  o.s.t.w.s.s.StandaloneMockMvcBuilder$StaticRequestMappingHandlerMapping#532 Mapped "{[/users],methods=[GET]}" onto public java.lang.String com.visualpathit.account.controller.UserController.getAllUsers(org.springframework.ui.Model)
11:51:44.381 [main] INFO  o.s.w.s.m.m.a.RequestMappingHandlerAdapter#532 Looking for @ControllerAdvice: org.springframework.test.web.servlet.setup.StubWebApplicationContext@e2931b1
11:51:44.390 [main] INFO  o.s.m.w.MockServletContext#390 Initializing Spring FrameworkServlet ''
11:51:44.390 [main] INFO  o.s.t.w.s.TestDispatcherServlet#488 FrameworkServlet '': initialization started
11:51:44.391 [main] INFO  o.s.t.w.s.TestDispatcherServlet#507 FrameworkServlet '': initialization completed in 1 ms
]]></system-out>
  </testcase>
  <testcase name="registrationTestforNullValueHappyFlow" classname="com.visualpathit.account.controllerTest.UserControllerTest" time="0.051">
    <system-out><![CDATA[11:51:44.397 [main] INFO  o.s.t.w.s.s.StandaloneMockMvcBuilder$StaticRequestMappingHandlerMapping#532 Mapped "{[/login],methods=[GET]}" onto public final java.lang.String com.visualpathit.account.controller.UserController.login(org.springframework.ui.Model,java.lang.String,java.lang.String)
11:51:44.397 [main] INFO  o.s.t.w.s.s.StandaloneMockMvcBuilder$StaticRequestMappingHandlerMapping#532 Mapped "{[/ || /welcome],methods=[GET]}" onto public final java.lang.String com.visualpathit.account.controller.UserController.welcome(org.springframework.ui.Model)
11:51:44.398 [main] INFO  o.s.t.w.s.s.StandaloneMockMvcBuilder$StaticRequestMappingHandlerMapping#532 Mapped "{[/registration],methods=[GET]}" onto public final java.lang.String com.visualpathit.account.controller.UserController.registration(org.springframework.ui.Model)
11:51:44.399 [main] INFO  o.s.t.w.s.s.StandaloneMockMvcBuilder$StaticRequestMappingHandlerMapping#532 Mapped "{[/registration],methods=[POST]}" onto public final java.lang.String com.visualpathit.account.controller.UserController.registration(com.visualpathit.account.model.User,org.springframework.validation.BindingResult,org.springframework.ui.Model)
11:51:44.399 [main] INFO  o.s.t.w.s.s.StandaloneMockMvcBuilder$StaticRequestMappingHandlerMapping#532 Mapped "{[/users/{id}],methods=[GET]}" onto public java.lang.String com.visualpathit.account.controller.UserController.getOneUser(java.lang.String,org.springframework.ui.Model)
11:51:44.400 [main] INFO  o.s.t.w.s.s.StandaloneMockMvcBuilder$StaticRequestMappingHandlerMapping#532 Mapped "{[/user/{username}],methods=[GET]}" onto public final java.lang.String com.visualpathit.account.controller.UserController.userUpdate(java.lang.String,org.springframework.ui.Model)
11:51:44.400 [main] INFO  o.s.t.w.s.s.StandaloneMockMvcBuilder$StaticRequestMappingHandlerMapping#532 Mapped "{[/user/{username}],methods=[POST]}" onto public final java.lang.String com.visualpathit.account.controller.UserController.userUpdateProfile(java.lang.String,com.visualpathit.account.model.User,org.springframework.ui.Model)
11:51:44.400 [main] INFO  o.s.t.w.s.s.StandaloneMockMvcBuilder$StaticRequestMappingHandlerMapping#532 Mapped "{[/user/rabbit],methods=[GET]}" onto public java.lang.String com.visualpathit.account.controller.UserController.rabbitmqSetUp()
11:51:44.401 [main] INFO  o.s.t.w.s.s.StandaloneMockMvcBuilder$StaticRequestMappingHandlerMapping#532 Mapped "{[/index],methods=[GET]}" onto public final java.lang.String com.visualpathit.account.controller.UserController.indexHome(org.springframework.ui.Model)
11:51:44.401 [main] INFO  o.s.t.w.s.s.StandaloneMockMvcBuilder$StaticRequestMappingHandlerMapping#532 Mapped "{[/users],methods=[GET]}" onto public java.lang.String com.visualpathit.account.controller.UserController.getAllUsers(org.springframework.ui.Model)
11:51:44.443 [main] INFO  o.s.w.s.m.m.a.RequestMappingHandlerAdapter#532 Looking for @ControllerAdvice: org.springframework.test.web.servlet.setup.StubWebApplicationContext@4ffe2ded
11:51:44.451 [main] INFO  o.s.m.w.MockServletContext#390 Initializing Spring FrameworkServlet ''
11:51:44.451 [main] INFO  o.s.t.w.s.TestDispatcherServlet#488 FrameworkServlet '': initialization started
11:51:44.452 [main] INFO  o.s.t.w.s.TestDispatcherServlet#507 FrameworkServlet '': initialization completed in 0 ms
]]></system-out>
  </testcase>
  <testcase name="welcomeAfterDirectLoginTestHappyFlow" classname="com.visualpathit.account.controllerTest.UserControllerTest" time="0.031">
    <system-out><![CDATA[11:51:44.457 [main] INFO  o.s.t.w.s.s.StandaloneMockMvcBuilder$StaticRequestMappingHandlerMapping#532 Mapped "{[/login],methods=[GET]}" onto public final java.lang.String com.visualpathit.account.controller.UserController.login(org.springframework.ui.Model,java.lang.String,java.lang.String)
11:51:44.458 [main] INFO  o.s.t.w.s.s.StandaloneMockMvcBuilder$StaticRequestMappingHandlerMapping#532 Mapped "{[/ || /welcome],methods=[GET]}" onto public final java.lang.String com.visualpathit.account.controller.UserController.welcome(org.springframework.ui.Model)
11:51:44.458 [main] INFO  o.s.t.w.s.s.StandaloneMockMvcBuilder$StaticRequestMappingHandlerMapping#532 Mapped "{[/registration],methods=[GET]}" onto public final java.lang.String com.visualpathit.account.controller.UserController.registration(org.springframework.ui.Model)
11:51:44.458 [main] INFO  o.s.t.w.s.s.StandaloneMockMvcBuilder$StaticRequestMappingHandlerMapping#532 Mapped "{[/registration],methods=[POST]}" onto public final java.lang.String com.visualpathit.account.controller.UserController.registration(com.visualpathit.account.model.User,org.springframework.validation.BindingResult,org.springframework.ui.Model)
11:51:44.458 [main] INFO  o.s.t.w.s.s.StandaloneMockMvcBuilder$StaticRequestMappingHandlerMapping#532 Mapped "{[/users/{id}],methods=[GET]}" onto public java.lang.String com.visualpathit.account.controller.UserController.getOneUser(java.lang.String,org.springframework.ui.Model)
11:51:44.460 [main] INFO  o.s.t.w.s.s.StandaloneMockMvcBuilder$StaticRequestMappingHandlerMapping#532 Mapped "{[/user/{username}],methods=[GET]}" onto public final java.lang.String com.visualpathit.account.controller.UserController.userUpdate(java.lang.String,org.springframework.ui.Model)
11:51:44.460 [main] INFO  o.s.t.w.s.s.StandaloneMockMvcBuilder$StaticRequestMappingHandlerMapping#532 Mapped "{[/user/{username}],methods=[POST]}" onto public final java.lang.String com.visualpathit.account.controller.UserController.userUpdateProfile(java.lang.String,com.visualpathit.account.model.User,org.springframework.ui.Model)
11:51:44.461 [main] INFO  o.s.t.w.s.s.StandaloneMockMvcBuilder$StaticRequestMappingHandlerMapping#532 Mapped "{[/user/rabbit],methods=[GET]}" onto public java.lang.String com.visualpathit.account.controller.UserController.rabbitmqSetUp()
11:51:44.461 [main] INFO  o.s.t.w.s.s.StandaloneMockMvcBuilder$StaticRequestMappingHandlerMapping#532 Mapped "{[/index],methods=[GET]}" onto public final java.lang.String com.visualpathit.account.controller.UserController.indexHome(org.springframework.ui.Model)
11:51:44.462 [main] INFO  o.s.t.w.s.s.StandaloneMockMvcBuilder$StaticRequestMappingHandlerMapping#532 Mapped "{[/users],methods=[GET]}" onto public java.lang.String com.visualpathit.account.controller.UserController.getAllUsers(org.springframework.ui.Model)
11:51:44.475 [main] INFO  o.s.w.s.m.m.a.RequestMappingHandlerAdapter#532 Looking for @ControllerAdvice: org.springframework.test.web.servlet.setup.StubWebApplicationContext@63e148cb
11:51:44.481 [main] INFO  o.s.m.w.MockServletContext#390 Initializing Spring FrameworkServlet ''
11:51:44.482 [main] INFO  o.s.t.w.s.TestDispatcherServlet#488 FrameworkServlet '': initialization started
11:51:44.482 [main] INFO  o.s.t.w.s.TestDispatcherServlet#507 FrameworkServlet '': initialization completed in 0 ms
]]></system-out>
  </testcase>
  <testcase name="indexTestHappyFlow" classname="com.visualpathit.account.controllerTest.UserControllerTest" time="0.032">
    <system-out><![CDATA[11:51:44.489 [main] INFO  o.s.t.w.s.s.StandaloneMockMvcBuilder$StaticRequestMappingHandlerMapping#532 Mapped "{[/login],methods=[GET]}" onto public final java.lang.String com.visualpathit.account.controller.UserController.login(org.springframework.ui.Model,java.lang.String,java.lang.String)
11:51:44.489 [main] INFO  o.s.t.w.s.s.StandaloneMockMvcBuilder$StaticRequestMappingHandlerMapping#532 Mapped "{[/ || /welcome],methods=[GET]}" onto public final java.lang.String com.visualpathit.account.controller.UserController.welcome(org.springframework.ui.Model)
11:51:44.489 [main] INFO  o.s.t.w.s.s.StandaloneMockMvcBuilder$StaticRequestMappingHandlerMapping#532 Mapped "{[/registration],methods=[GET]}" onto public final java.lang.String com.visualpathit.account.controller.UserController.registration(org.springframework.ui.Model)
11:51:44.489 [main] INFO  o.s.t.w.s.s.StandaloneMockMvcBuilder$StaticRequestMappingHandlerMapping#532 Mapped "{[/registration],methods=[POST]}" onto public final java.lang.String com.visualpathit.account.controller.UserController.registration(com.visualpathit.account.model.User,org.springframework.validation.BindingResult,org.springframework.ui.Model)
11:51:44.489 [main] INFO  o.s.t.w.s.s.StandaloneMockMvcBuilder$StaticRequestMappingHandlerMapping#532 Mapped "{[/users/{id}],methods=[GET]}" onto public java.lang.String com.visualpathit.account.controller.UserController.getOneUser(java.lang.String,org.springframework.ui.Model)
11:51:44.489 [main] INFO  o.s.t.w.s.s.StandaloneMockMvcBuilder$StaticRequestMappingHandlerMapping#532 Mapped "{[/user/{username}],methods=[GET]}" onto public final java.lang.String com.visualpathit.account.controller.UserController.userUpdate(java.lang.String,org.springframework.ui.Model)
11:51:44.490 [main] INFO  o.s.t.w.s.s.StandaloneMockMvcBuilder$StaticRequestMappingHandlerMapping#532 Mapped "{[/user/{username}],methods=[POST]}" onto public final java.lang.String com.visualpathit.account.controller.UserController.userUpdateProfile(java.lang.String,com.visualpathit.account.model.User,org.springframework.ui.Model)
11:51:44.490 [main] INFO  o.s.t.w.s.s.StandaloneMockMvcBuilder$StaticRequestMappingHandlerMapping#532 Mapped "{[/user/rabbit],methods=[GET]}" onto public java.lang.String com.visualpathit.account.controller.UserController.rabbitmqSetUp()
11:51:44.491 [main] INFO  o.s.t.w.s.s.StandaloneMockMvcBuilder$StaticRequestMappingHandlerMapping#532 Mapped "{[/index],methods=[GET]}" onto public final java.lang.String com.visualpathit.account.controller.UserController.indexHome(org.springframework.ui.Model)
11:51:44.491 [main] INFO  o.s.t.w.s.s.StandaloneMockMvcBuilder$StaticRequestMappingHandlerMapping#532 Mapped "{[/users],methods=[GET]}" onto public java.lang.String com.visualpathit.account.controller.UserController.getAllUsers(org.springframework.ui.Model)
11:51:44.506 [main] INFO  o.s.w.s.m.m.a.RequestMappingHandlerAdapter#532 Looking for @ControllerAdvice: org.springframework.test.web.servlet.setup.StubWebApplicationContext@645b2ac7
11:51:44.513 [main] INFO  o.s.m.w.MockServletContext#390 Initializing Spring FrameworkServlet ''
11:51:44.514 [main] INFO  o.s.t.w.s.TestDispatcherServlet#488 FrameworkServlet '': initialization started
11:51:44.514 [main] INFO  o.s.t.w.s.TestDispatcherServlet#507 FrameworkServlet '': initialization completed in 0 ms
]]></system-out>
  </testcase>
  <testcase name="loginTestHappyFlow" classname="com.visualpathit.account.controllerTest.UserControllerTest" time="0.058">
    <system-out><![CDATA[11:51:44.522 [main] INFO  o.s.t.w.s.s.StandaloneMockMvcBuilder$StaticRequestMappingHandlerMapping#532 Mapped "{[/login],methods=[GET]}" onto public final java.lang.String com.visualpathit.account.controller.UserController.login(org.springframework.ui.Model,java.lang.String,java.lang.String)
11:51:44.523 [main] INFO  o.s.t.w.s.s.StandaloneMockMvcBuilder$StaticRequestMappingHandlerMapping#532 Mapped "{[/ || /welcome],methods=[GET]}" onto public final java.lang.String com.visualpathit.account.controller.UserController.welcome(org.springframework.ui.Model)
11:51:44.524 [main] INFO  o.s.t.w.s.s.StandaloneMockMvcBuilder$StaticRequestMappingHandlerMapping#532 Mapped "{[/registration],methods=[GET]}" onto public final java.lang.String com.visualpathit.account.controller.UserController.registration(org.springframework.ui.Model)
11:51:44.525 [main] INFO  o.s.t.w.s.s.StandaloneMockMvcBuilder$StaticRequestMappingHandlerMapping#532 Mapped "{[/registration],methods=[POST]}" onto public final java.lang.String com.visualpathit.account.controller.UserController.registration(com.visualpathit.account.model.User,org.springframework.validation.BindingResult,org.springframework.ui.Model)
11:51:44.525 [main] INFO  o.s.t.w.s.s.StandaloneMockMvcBuilder$StaticRequestMappingHandlerMapping#532 Mapped "{[/users/{id}],methods=[GET]}" onto public java.lang.String com.visualpathit.account.controller.UserController.getOneUser(java.lang.String,org.springframework.ui.Model)
11:51:44.525 [main] INFO  o.s.t.w.s.s.StandaloneMockMvcBuilder$StaticRequestMappingHandlerMapping#532 Mapped "{[/user/{username}],methods=[GET]}" onto public final java.lang.String com.visualpathit.account.controller.UserController.userUpdate(java.lang.String,org.springframework.ui.Model)
11:51:44.525 [main] INFO  o.s.t.w.s.s.StandaloneMockMvcBuilder$StaticRequestMappingHandlerMapping#532 Mapped "{[/user/{username}],methods=[POST]}" onto public final java.lang.String com.visualpathit.account.controller.UserController.userUpdateProfile(java.lang.String,com.visualpathit.account.model.User,org.springframework.ui.Model)
11:51:44.525 [main] INFO  o.s.t.w.s.s.StandaloneMockMvcBuilder$StaticRequestMappingHandlerMapping#532 Mapped "{[/user/rabbit],methods=[GET]}" onto public java.lang.String com.visualpathit.account.controller.UserController.rabbitmqSetUp()
11:51:44.526 [main] INFO  o.s.t.w.s.s.StandaloneMockMvcBuilder$StaticRequestMappingHandlerMapping#532 Mapped "{[/index],methods=[GET]}" onto public final java.lang.String com.visualpathit.account.controller.UserController.indexHome(org.springframework.ui.Model)
11:51:44.526 [main] INFO  o.s.t.w.s.s.StandaloneMockMvcBuilder$StaticRequestMappingHandlerMapping#532 Mapped "{[/users],methods=[GET]}" onto public java.lang.String com.visualpathit.account.controller.UserController.getAllUsers(org.springframework.ui.Model)
11:51:44.538 [main] INFO  o.s.w.s.m.m.a.RequestMappingHandlerAdapter#532 Looking for @ControllerAdvice: org.springframework.test.web.servlet.setup.StubWebApplicationContext@68606061
11:51:44.544 [main] INFO  o.s.m.w.MockServletContext#390 Initializing Spring FrameworkServlet ''
11:51:44.544 [main] INFO  o.s.t.w.s.TestDispatcherServlet#488 FrameworkServlet '': initialization started
11:51:44.544 [main] INFO  o.s.t.w.s.TestDispatcherServlet#507 FrameworkServlet '': initialization completed in 0 ms
Model data{}
]]></system-out>
  </testcase>
</testsuite>